2019-09-11 11:44:49,532 - train - INFO - FCModel(
  (sales_embedding_net): Sequential(
    (0): Linear(in_features=740, out_features=256, bias=True)
    (1): BatchNorm1d(256, eps=1e-05, momentum=0.1, affine=True, track_running_stats=True)
    (2): ReLU()
    (3): Linear(in_features=256, out_features=16, bias=True)
    (4): BatchNorm1d(16, eps=1e-05, momentum=0.1, affine=True, track_running_stats=True)
    (5): ReLU()
  )
  (store_embedding_net): Sequential(
    (0): Linear(in_features=5, out_features=1, bias=True)
    (1): BatchNorm1d(1, eps=1e-05, momentum=0.1, affine=True, track_running_stats=True)
    (2): ReLU()
  )
  (fc_net): ModuleList(
    (0): Sequential(
      (0): Linear(in_features=37, out_features=64, bias=True)
      (1): BatchNorm1d(64, eps=1e-05, momentum=0.1, affine=True, track_running_stats=True)
      (2): ReLU()
      (3): Linear(in_features=64, out_features=64, bias=True)
      (4): BatchNorm1d(64, eps=1e-05, momentum=0.1, affine=True, track_running_stats=True)
      (5): ReLU()
      (6): Linear(in_features=64, out_features=1, bias=True)
    )
    (1): Sequential(
      (0): Linear(in_features=37, out_features=64, bias=True)
      (1): BatchNorm1d(64, eps=1e-05, momentum=0.1, affine=True, track_running_stats=True)
      (2): ReLU()
      (3): Linear(in_features=64, out_features=64, bias=True)
      (4): BatchNorm1d(64, eps=1e-05, momentum=0.1, affine=True, track_running_stats=True)
      (5): ReLU()
      (6): Linear(in_features=64, out_features=1, bias=True)
    )
    (2): Sequential(
      (0): Linear(in_features=37, out_features=64, bias=True)
      (1): BatchNorm1d(64, eps=1e-05, momentum=0.1, affine=True, track_running_stats=True)
      (2): ReLU()
      (3): Linear(in_features=64, out_features=64, bias=True)
      (4): BatchNorm1d(64, eps=1e-05, momentum=0.1, affine=True, track_running_stats=True)
      (5): ReLU()
      (6): Linear(in_features=64, out_features=1, bias=True)
    )
    (3): Sequential(
      (0): Linear(in_features=37, out_features=64, bias=True)
      (1): BatchNorm1d(64, eps=1e-05, momentum=0.1, affine=True, track_running_stats=True)
      (2): ReLU()
      (3): Linear(in_features=64, out_features=64, bias=True)
      (4): BatchNorm1d(64, eps=1e-05, momentum=0.1, affine=True, track_running_stats=True)
      (5): ReLU()
      (6): Linear(in_features=64, out_features=1, bias=True)
    )
    (4): Sequential(
      (0): Linear(in_features=37, out_features=64, bias=True)
      (1): BatchNorm1d(64, eps=1e-05, momentum=0.1, affine=True, track_running_stats=True)
      (2): ReLU()
      (3): Linear(in_features=64, out_features=64, bias=True)
      (4): BatchNorm1d(64, eps=1e-05, momentum=0.1, affine=True, track_running_stats=True)
      (5): ReLU()
      (6): Linear(in_features=64, out_features=1, bias=True)
    )
    (5): Sequential(
      (0): Linear(in_features=37, out_features=64, bias=True)
      (1): BatchNorm1d(64, eps=1e-05, momentum=0.1, affine=True, track_running_stats=True)
      (2): ReLU()
      (3): Linear(in_features=64, out_features=64, bias=True)
      (4): BatchNorm1d(64, eps=1e-05, momentum=0.1, affine=True, track_running_stats=True)
      (5): ReLU()
      (6): Linear(in_features=64, out_features=1, bias=True)
    )
    (6): Sequential(
      (0): Linear(in_features=37, out_features=64, bias=True)
      (1): BatchNorm1d(64, eps=1e-05, momentum=0.1, affine=True, track_running_stats=True)
      (2): ReLU()
      (3): Linear(in_features=64, out_features=64, bias=True)
      (4): BatchNorm1d(64, eps=1e-05, momentum=0.1, affine=True, track_running_stats=True)
      (5): ReLU()
      (6): Linear(in_features=64, out_features=1, bias=True)
    )
    (7): Sequential(
      (0): Linear(in_features=37, out_features=64, bias=True)
      (1): BatchNorm1d(64, eps=1e-05, momentum=0.1, affine=True, track_running_stats=True)
      (2): ReLU()
      (3): Linear(in_features=64, out_features=64, bias=True)
      (4): BatchNorm1d(64, eps=1e-05, momentum=0.1, affine=True, track_running_stats=True)
      (5): ReLU()
      (6): Linear(in_features=64, out_features=1, bias=True)
    )
    (8): Sequential(
      (0): Linear(in_features=37, out_features=64, bias=True)
      (1): BatchNorm1d(64, eps=1e-05, momentum=0.1, affine=True, track_running_stats=True)
      (2): ReLU()
      (3): Linear(in_features=64, out_features=64, bias=True)
      (4): BatchNorm1d(64, eps=1e-05, momentum=0.1, affine=True, track_running_stats=True)
      (5): ReLU()
      (6): Linear(in_features=64, out_features=1, bias=True)
    )
    (9): Sequential(
      (0): Linear(in_features=37, out_features=64, bias=True)
      (1): BatchNorm1d(64, eps=1e-05, momentum=0.1, affine=True, track_running_stats=True)
      (2): ReLU()
      (3): Linear(in_features=64, out_features=64, bias=True)
      (4): BatchNorm1d(64, eps=1e-05, momentum=0.1, affine=True, track_running_stats=True)
      (5): ReLU()
      (6): Linear(in_features=64, out_features=1, bias=True)
    )
    (10): Sequential(
      (0): Linear(in_features=37, out_features=64, bias=True)
      (1): BatchNorm1d(64, eps=1e-05, momentum=0.1, affine=True, track_running_stats=True)
      (2): ReLU()
      (3): Linear(in_features=64, out_features=64, bias=True)
      (4): BatchNorm1d(64, eps=1e-05, momentum=0.1, affine=True, track_running_stats=True)
      (5): ReLU()
      (6): Linear(in_features=64, out_features=1, bias=True)
    )
    (11): Sequential(
      (0): Linear(in_features=37, out_features=64, bias=True)
      (1): BatchNorm1d(64, eps=1e-05, momentum=0.1, affine=True, track_running_stats=True)
      (2): ReLU()
      (3): Linear(in_features=64, out_features=64, bias=True)
      (4): BatchNorm1d(64, eps=1e-05, momentum=0.1, affine=True, track_running_stats=True)
      (5): ReLU()
      (6): Linear(in_features=64, out_features=1, bias=True)
    )
    (12): Sequential(
      (0): Linear(in_features=37, out_features=64, bias=True)
      (1): BatchNorm1d(64, eps=1e-05, momentum=0.1, affine=True, track_running_stats=True)
      (2): ReLU()
      (3): Linear(in_features=64, out_features=64, bias=True)
      (4): BatchNorm1d(64, eps=1e-05, momentum=0.1, affine=True, track_running_stats=True)
      (5): ReLU()
      (6): Linear(in_features=64, out_features=1, bias=True)
    )
    (13): Sequential(
      (0): Linear(in_features=37, out_features=64, bias=True)
      (1): BatchNorm1d(64, eps=1e-05, momentum=0.1, affine=True, track_running_stats=True)
      (2): ReLU()
      (3): Linear(in_features=64, out_features=64, bias=True)
      (4): BatchNorm1d(64, eps=1e-05, momentum=0.1, affine=True, track_running_stats=True)
      (5): ReLU()
      (6): Linear(in_features=64, out_features=1, bias=True)
    )
    (14): Sequential(
      (0): Linear(in_features=37, out_features=64, bias=True)
      (1): BatchNorm1d(64, eps=1e-05, momentum=0.1, affine=True, track_running_stats=True)
      (2): ReLU()
      (3): Linear(in_features=64, out_features=64, bias=True)
      (4): BatchNorm1d(64, eps=1e-05, momentum=0.1, affine=True, track_running_stats=True)
      (5): ReLU()
      (6): Linear(in_features=64, out_features=1, bias=True)
    )
    (15): Sequential(
      (0): Linear(in_features=37, out_features=64, bias=True)
      (1): BatchNorm1d(64, eps=1e-05, momentum=0.1, affine=True, track_running_stats=True)
      (2): ReLU()
      (3): Linear(in_features=64, out_features=64, bias=True)
      (4): BatchNorm1d(64, eps=1e-05, momentum=0.1, affine=True, track_running_stats=True)
      (5): ReLU()
      (6): Linear(in_features=64, out_features=1, bias=True)
    )
    (16): Sequential(
      (0): Linear(in_features=37, out_features=64, bias=True)
      (1): BatchNorm1d(64, eps=1e-05, momentum=0.1, affine=True, track_running_stats=True)
      (2): ReLU()
      (3): Linear(in_features=64, out_features=64, bias=True)
      (4): BatchNorm1d(64, eps=1e-05, momentum=0.1, affine=True, track_running_stats=True)
      (5): ReLU()
      (6): Linear(in_features=64, out_features=1, bias=True)
    )
    (17): Sequential(
      (0): Linear(in_features=37, out_features=64, bias=True)
      (1): BatchNorm1d(64, eps=1e-05, momentum=0.1, affine=True, track_running_stats=True)
      (2): ReLU()
      (3): Linear(in_features=64, out_features=64, bias=True)
      (4): BatchNorm1d(64, eps=1e-05, momentum=0.1, affine=True, track_running_stats=True)
      (5): ReLU()
      (6): Linear(in_features=64, out_features=1, bias=True)
    )
    (18): Sequential(
      (0): Linear(in_features=37, out_features=64, bias=True)
      (1): BatchNorm1d(64, eps=1e-05, momentum=0.1, affine=True, track_running_stats=True)
      (2): ReLU()
      (3): Linear(in_features=64, out_features=64, bias=True)
      (4): BatchNorm1d(64, eps=1e-05, momentum=0.1, affine=True, track_running_stats=True)
      (5): ReLU()
      (6): Linear(in_features=64, out_features=1, bias=True)
    )
    (19): Sequential(
      (0): Linear(in_features=37, out_features=64, bias=True)
      (1): BatchNorm1d(64, eps=1e-05, momentum=0.1, affine=True, track_running_stats=True)
      (2): ReLU()
      (3): Linear(in_features=64, out_features=64, bias=True)
      (4): BatchNorm1d(64, eps=1e-05, momentum=0.1, affine=True, track_running_stats=True)
      (5): ReLU()
      (6): Linear(in_features=64, out_features=1, bias=True)
    )
    (20): Sequential(
      (0): Linear(in_features=37, out_features=64, bias=True)
      (1): BatchNorm1d(64, eps=1e-05, momentum=0.1, affine=True, track_running_stats=True)
      (2): ReLU()
      (3): Linear(in_features=64, out_features=64, bias=True)
      (4): BatchNorm1d(64, eps=1e-05, momentum=0.1, affine=True, track_running_stats=True)
      (5): ReLU()
      (6): Linear(in_features=64, out_features=1, bias=True)
    )
    (21): Sequential(
      (0): Linear(in_features=37, out_features=64, bias=True)
      (1): BatchNorm1d(64, eps=1e-05, momentum=0.1, affine=True, track_running_stats=True)
      (2): ReLU()
      (3): Linear(in_features=64, out_features=64, bias=True)
      (4): BatchNorm1d(64, eps=1e-05, momentum=0.1, affine=True, track_running_stats=True)
      (5): ReLU()
      (6): Linear(in_features=64, out_features=1, bias=True)
    )
    (22): Sequential(
      (0): Linear(in_features=37, out_features=64, bias=True)
      (1): BatchNorm1d(64, eps=1e-05, momentum=0.1, affine=True, track_running_stats=True)
      (2): ReLU()
      (3): Linear(in_features=64, out_features=64, bias=True)
      (4): BatchNorm1d(64, eps=1e-05, momentum=0.1, affine=True, track_running_stats=True)
      (5): ReLU()
      (6): Linear(in_features=64, out_features=1, bias=True)
    )
    (23): Sequential(
      (0): Linear(in_features=37, out_features=64, bias=True)
      (1): BatchNorm1d(64, eps=1e-05, momentum=0.1, affine=True, track_running_stats=True)
      (2): ReLU()
      (3): Linear(in_features=64, out_features=64, bias=True)
      (4): BatchNorm1d(64, eps=1e-05, momentum=0.1, affine=True, track_running_stats=True)
      (5): ReLU()
      (6): Linear(in_features=64, out_features=1, bias=True)
    )
    (24): Sequential(
      (0): Linear(in_features=37, out_features=64, bias=True)
      (1): BatchNorm1d(64, eps=1e-05, momentum=0.1, affine=True, track_running_stats=True)
      (2): ReLU()
      (3): Linear(in_features=64, out_features=64, bias=True)
      (4): BatchNorm1d(64, eps=1e-05, momentum=0.1, affine=True, track_running_stats=True)
      (5): ReLU()
      (6): Linear(in_features=64, out_features=1, bias=True)
    )
    (25): Sequential(
      (0): Linear(in_features=37, out_features=64, bias=True)
      (1): BatchNorm1d(64, eps=1e-05, momentum=0.1, affine=True, track_running_stats=True)
      (2): ReLU()
      (3): Linear(in_features=64, out_features=64, bias=True)
      (4): BatchNorm1d(64, eps=1e-05, momentum=0.1, affine=True, track_running_stats=True)
      (5): ReLU()
      (6): Linear(in_features=64, out_features=1, bias=True)
    )
    (26): Sequential(
      (0): Linear(in_features=37, out_features=64, bias=True)
      (1): BatchNorm1d(64, eps=1e-05, momentum=0.1, affine=True, track_running_stats=True)
      (2): ReLU()
      (3): Linear(in_features=64, out_features=64, bias=True)
      (4): BatchNorm1d(64, eps=1e-05, momentum=0.1, affine=True, track_running_stats=True)
      (5): ReLU()
      (6): Linear(in_features=64, out_features=1, bias=True)
    )
    (27): Sequential(
      (0): Linear(in_features=37, out_features=64, bias=True)
      (1): BatchNorm1d(64, eps=1e-05, momentum=0.1, affine=True, track_running_stats=True)
      (2): ReLU()
      (3): Linear(in_features=64, out_features=64, bias=True)
      (4): BatchNorm1d(64, eps=1e-05, momentum=0.1, affine=True, track_running_stats=True)
      (5): ReLU()
      (6): Linear(in_features=64, out_features=1, bias=True)
    )
    (28): Sequential(
      (0): Linear(in_features=37, out_features=64, bias=True)
      (1): BatchNorm1d(64, eps=1e-05, momentum=0.1, affine=True, track_running_stats=True)
      (2): ReLU()
      (3): Linear(in_features=64, out_features=64, bias=True)
      (4): BatchNorm1d(64, eps=1e-05, momentum=0.1, affine=True, track_running_stats=True)
      (5): ReLU()
      (6): Linear(in_features=64, out_features=1, bias=True)
    )
    (29): Sequential(
      (0): Linear(in_features=37, out_features=64, bias=True)
      (1): BatchNorm1d(64, eps=1e-05, momentum=0.1, affine=True, track_running_stats=True)
      (2): ReLU()
      (3): Linear(in_features=64, out_features=64, bias=True)
      (4): BatchNorm1d(64, eps=1e-05, momentum=0.1, affine=True, track_running_stats=True)
      (5): ReLU()
      (6): Linear(in_features=64, out_features=1, bias=True)
    )
    (30): Sequential(
      (0): Linear(in_features=37, out_features=64, bias=True)
      (1): BatchNorm1d(64, eps=1e-05, momentum=0.1, affine=True, track_running_stats=True)
      (2): ReLU()
      (3): Linear(in_features=64, out_features=64, bias=True)
      (4): BatchNorm1d(64, eps=1e-05, momentum=0.1, affine=True, track_running_stats=True)
      (5): ReLU()
      (6): Linear(in_features=64, out_features=1, bias=True)
    )
    (31): Sequential(
      (0): Linear(in_features=37, out_features=64, bias=True)
      (1): BatchNorm1d(64, eps=1e-05, momentum=0.1, affine=True, track_running_stats=True)
      (2): ReLU()
      (3): Linear(in_features=64, out_features=64, bias=True)
      (4): BatchNorm1d(64, eps=1e-05, momentum=0.1, affine=True, track_running_stats=True)
      (5): ReLU()
      (6): Linear(in_features=64, out_features=1, bias=True)
    )
    (32): Sequential(
      (0): Linear(in_features=37, out_features=64, bias=True)
      (1): BatchNorm1d(64, eps=1e-05, momentum=0.1, affine=True, track_running_stats=True)
      (2): ReLU()
      (3): Linear(in_features=64, out_features=64, bias=True)
      (4): BatchNorm1d(64, eps=1e-05, momentum=0.1, affine=True, track_running_stats=True)
      (5): ReLU()
      (6): Linear(in_features=64, out_features=1, bias=True)
    )
    (33): Sequential(
      (0): Linear(in_features=37, out_features=64, bias=True)
      (1): BatchNorm1d(64, eps=1e-05, momentum=0.1, affine=True, track_running_stats=True)
      (2): ReLU()
      (3): Linear(in_features=64, out_features=64, bias=True)
      (4): BatchNorm1d(64, eps=1e-05, momentum=0.1, affine=True, track_running_stats=True)
      (5): ReLU()
      (6): Linear(in_features=64, out_features=1, bias=True)
    )
    (34): Sequential(
      (0): Linear(in_features=37, out_features=64, bias=True)
      (1): BatchNorm1d(64, eps=1e-05, momentum=0.1, affine=True, track_running_stats=True)
      (2): ReLU()
      (3): Linear(in_features=64, out_features=64, bias=True)
      (4): BatchNorm1d(64, eps=1e-05, momentum=0.1, affine=True, track_running_stats=True)
      (5): ReLU()
      (6): Linear(in_features=64, out_features=1, bias=True)
    )
    (35): Sequential(
      (0): Linear(in_features=37, out_features=64, bias=True)
      (1): BatchNorm1d(64, eps=1e-05, momentum=0.1, affine=True, track_running_stats=True)
      (2): ReLU()
      (3): Linear(in_features=64, out_features=64, bias=True)
      (4): BatchNorm1d(64, eps=1e-05, momentum=0.1, affine=True, track_running_stats=True)
      (5): ReLU()
      (6): Linear(in_features=64, out_features=1, bias=True)
    )
    (36): Sequential(
      (0): Linear(in_features=37, out_features=64, bias=True)
      (1): BatchNorm1d(64, eps=1e-05, momentum=0.1, affine=True, track_running_stats=True)
      (2): ReLU()
      (3): Linear(in_features=64, out_features=64, bias=True)
      (4): BatchNorm1d(64, eps=1e-05, momentum=0.1, affine=True, track_running_stats=True)
      (5): ReLU()
      (6): Linear(in_features=64, out_features=1, bias=True)
    )
  )
)
Trainable parameters: 201273
2019-09-11 11:45:13,981 - trainer - INFO -     epoch          : 1
2019-09-11 11:45:13,981 - trainer - INFO -     loss1          : 31.688000742294857
2019-09-11 11:45:13,981 - trainer - INFO -     loss2          : 31.819448182757903
2019-09-11 11:45:13,981 - trainer - INFO -     err1           : 0.8788959980010986
2019-09-11 11:45:13,981 - trainer - INFO -     err2           : 0.882662296295166
2019-09-11 11:45:13,981 - trainer - INFO -     err            : 0.8788959980010986
2019-09-11 11:45:13,982 - trainer - INFO -     val_loss_1     : 8.774379285401253
2019-09-11 11:45:13,982 - trainer - INFO -     val_loss_2     : 9.277428509068573
2019-09-11 11:45:13,982 - trainer - INFO -     val_err_1      : 0.4484163224697113
2019-09-11 11:45:13,982 - trainer - INFO -     val_err_2      : 0.4502982795238495
2019-09-11 11:45:13,983 - trainer - INFO -     val_err        : 0.4484163224697113
2019-09-11 11:45:14,007 - trainer - INFO - Saving current best to saved\models\FamilyMart-FCNet\0911_114449\model_best.pth ...
2019-09-11 11:45:36,095 - trainer - INFO -     epoch          : 2
2019-09-11 11:45:36,095 - trainer - INFO -     loss1          : 27.758877056647528
2019-09-11 11:45:36,096 - trainer - INFO -     loss2          : 27.83349772327125
2019-09-11 11:45:36,096 - trainer - INFO -     err1           : 0.8317194581031799
2019-09-11 11:45:36,096 - trainer - INFO -     err2           : 0.8335857391357422
2019-09-11 11:45:36,097 - trainer - INFO -     err            : 0.8317194581031799
2019-09-11 11:45:36,097 - trainer - INFO -     val_loss_1     : 7.29234826185678
2019-09-11 11:45:36,097 - trainer - INFO -     val_loss_2     : 7.991466239147388
2019-09-11 11:45:36,098 - trainer - INFO -     val_err_1      : 0.3986891210079193
2019-09-11 11:45:36,098 - trainer - INFO -     val_err_2      : 0.4107017517089844
2019-09-11 11:45:36,098 - trainer - INFO -     val_err        : 0.3986891210079193
2019-09-11 11:45:36,123 - trainer - INFO - Saving current best to saved\models\FamilyMart-FCNet\0911_114449\model_best.pth ...
2019-09-11 11:45:58,486 - trainer - INFO -     epoch          : 3
2019-09-11 11:45:58,487 - trainer - INFO -     loss1          : 25.90812279918777
2019-09-11 11:45:58,487 - trainer - INFO -     loss2          : 26.0194397092474
2019-09-11 11:45:58,488 - trainer - INFO -     err1           : 0.8019716739654541
2019-09-11 11:45:58,488 - trainer - INFO -     err2           : 0.8049650192260742
2019-09-11 11:45:58,488 - trainer - INFO -     err            : 0.8019716739654541
2019-09-11 11:45:58,489 - trainer - INFO -     val_loss_1     : 6.179772636494452
2019-09-11 11:45:58,489 - trainer - INFO -     val_loss_2     : 6.963776120027468
2019-09-11 11:45:58,489 - trainer - INFO -     val_err_1      : 0.3868955373764038
2019-09-11 11:45:58,490 - trainer - INFO -     val_err_2      : 0.40201491117477417
2019-09-11 11:45:58,490 - trainer - INFO -     val_err        : 0.3868955373764038
2019-09-11 11:45:58,510 - trainer - INFO - Saving current best to saved\models\FamilyMart-FCNet\0911_114449\model_best.pth ...
2019-09-11 11:46:22,220 - trainer - INFO -     epoch          : 4
2019-09-11 11:46:22,221 - trainer - INFO -     loss1          : 24.176533992963535
2019-09-11 11:46:22,221 - trainer - INFO -     loss2          : 24.255363233706323
2019-09-11 11:46:22,221 - trainer - INFO -     err1           : 0.7765347957611084
2019-09-11 11:46:22,222 - trainer - INFO -     err2           : 0.7788506150245667
2019-09-11 11:46:22,222 - trainer - INFO -     err            : 0.7765347957611084
2019-09-11 11:46:22,223 - trainer - INFO -     val_loss_1     : 5.960595390400702
2019-09-11 11:46:22,223 - trainer - INFO -     val_loss_2     : 6.757997762188052
2019-09-11 11:46:22,223 - trainer - INFO -     val_err_1      : 0.38699060678482056
2019-09-11 11:46:22,224 - trainer - INFO -     val_err_2      : 0.4003933072090149
2019-09-11 11:46:22,224 - trainer - INFO -     val_err        : 0.38699060678482056
2019-09-11 11:46:49,241 - trainer - INFO -     epoch          : 5
2019-09-11 11:46:49,242 - trainer - INFO -     loss1          : 22.56216767351909
2019-09-11 11:46:49,242 - trainer - INFO -     loss2          : 22.637562266882608
2019-09-11 11:46:49,243 - trainer - INFO -     err1           : 0.7481370568275452
2019-09-11 11:46:49,244 - trainer - INFO -     err2           : 0.7505090832710266
2019-09-11 11:46:49,244 - trainer - INFO -     err            : 0.7481370568275452
2019-09-11 11:46:49,245 - trainer - INFO -     val_loss_1     : 6.628988582759359
2019-09-11 11:46:49,245 - trainer - INFO -     val_loss_2     : 7.5064489142212345
2019-09-11 11:46:49,246 - trainer - INFO -     val_err_1      : 0.4086684286594391
2019-09-11 11:46:49,246 - trainer - INFO -     val_err_2      : 0.4257682263851166
2019-09-11 11:46:49,246 - trainer - INFO -     val_err        : 0.4086684286594391
2019-09-11 11:47:14,601 - trainer - INFO -     epoch          : 6
2019-09-11 11:47:14,601 - trainer - INFO -     loss1          : 20.557073502527484
2019-09-11 11:47:14,602 - trainer - INFO -     loss2          : 20.654187026096878
2019-09-11 11:47:14,602 - trainer - INFO -     err1           : 0.7103131413459778
2019-09-11 11:47:14,602 - trainer - INFO -     err2           : 0.7121797800064087
2019-09-11 11:47:14,603 - trainer - INFO -     err            : 0.7103131413459778
2019-09-11 11:47:14,603 - trainer - INFO -     val_loss_1     : 8.002596258695892
2019-09-11 11:47:14,604 - trainer - INFO -     val_loss_2     : 8.74096760564474
2019-09-11 11:47:14,604 - trainer - INFO -     val_err_1      : 0.4485151767730713
2019-09-11 11:47:14,604 - trainer - INFO -     val_err_2      : 0.46275594830513
2019-09-11 11:47:14,605 - trainer - INFO -     val_err        : 0.4485151767730713
2019-09-11 11:47:43,088 - trainer - INFO -     epoch          : 7
2019-09-11 11:47:43,088 - trainer - INFO -     loss1          : 18.534211750726957
2019-09-11 11:47:43,089 - trainer - INFO -     loss2          : 18.625289000386484
2019-09-11 11:47:43,090 - trainer - INFO -     err1           : 0.6712665557861328
2019-09-11 11:47:43,090 - trainer - INFO -     err2           : 0.6737563014030457
2019-09-11 11:47:43,091 - trainer - INFO -     err            : 0.6712665557861328
2019-09-11 11:47:43,091 - trainer - INFO -     val_loss_1     : 10.175448468211682
2019-09-11 11:47:43,091 - trainer - INFO -     val_loss_2     : 10.826142327945561
2019-09-11 11:47:43,092 - trainer - INFO -     val_err_1      : 0.473019003868103
2019-09-11 11:47:43,092 - trainer - INFO -     val_err_2      : 0.4811718463897705
2019-09-11 11:47:43,093 - trainer - INFO -     val_err        : 0.473019003868103
2019-09-11 11:48:10,304 - trainer - INFO -     epoch          : 8
2019-09-11 11:48:10,305 - trainer - INFO -     loss1          : 16.52567737281299
2019-09-11 11:48:10,305 - trainer - INFO -     loss2          : 16.703385100347834
2019-09-11 11:48:10,306 - trainer - INFO -     err1           : 0.6333356499671936
2019-09-11 11:48:10,307 - trainer - INFO -     err2           : 0.6382625699043274
2019-09-11 11:48:10,307 - trainer - INFO -     err            : 0.6333356499671936
2019-09-11 11:48:10,308 - trainer - INFO -     val_loss_1     : 11.628081736210799
2019-09-11 11:48:10,308 - trainer - INFO -     val_loss_2     : 12.301457812845076
2019-09-11 11:48:10,308 - trainer - INFO -     val_err_1      : 0.5105828642845154
2019-09-11 11:48:10,309 - trainer - INFO -     val_err_2      : 0.520309329032898
2019-09-11 11:48:10,309 - trainer - INFO -     val_err        : 0.5105828642845154
2019-09-11 11:48:38,478 - trainer - INFO -     epoch          : 9
2019-09-11 11:48:38,479 - trainer - INFO -     loss1          : 14.658234085903759
2019-09-11 11:48:38,479 - trainer - INFO -     loss2          : 14.85505001096572
2019-09-11 11:48:38,480 - trainer - INFO -     err1           : 0.5898612141609192
2019-09-11 11:48:38,480 - trainer - INFO -     err2           : 0.5955858826637268
2019-09-11 11:48:38,481 - trainer - INFO -     err            : 0.5898612141609192
2019-09-11 11:48:38,481 - trainer - INFO -     val_loss_1     : 10.720592377463836
2019-09-11 11:48:38,482 - trainer - INFO -     val_loss_2     : 11.238706662882343
2019-09-11 11:48:38,482 - trainer - INFO -     val_err_1      : 0.5023837089538574
2019-09-11 11:48:38,482 - trainer - INFO -     val_err_2      : 0.5080068707466125
2019-09-11 11:48:38,483 - trainer - INFO -     val_err        : 0.5023837089538574
2019-09-11 11:49:04,462 - trainer - INFO -     epoch          : 10
2019-09-11 11:49:04,463 - trainer - INFO -     loss1          : 13.111349212922065
2019-09-11 11:49:04,463 - trainer - INFO -     loss2          : 13.267721187380374
2019-09-11 11:49:04,464 - trainer - INFO -     err1           : 0.5560088753700256
2019-09-11 11:49:04,464 - trainer - INFO -     err2           : 0.5608571767807007
2019-09-11 11:49:04,465 - trainer - INFO -     err            : 0.5560088753700256
2019-09-11 11:49:04,465 - trainer - INFO -     val_loss_1     : 10.852203638730538
2019-09-11 11:49:04,466 - trainer - INFO -     val_loss_2     : 11.4395245124089
2019-09-11 11:49:04,466 - trainer - INFO -     val_err_1      : 0.517785906791687
2019-09-11 11:49:04,466 - trainer - INFO -     val_err_2      : 0.5242956876754761
2019-09-11 11:49:04,467 - trainer - INFO -     val_err        : 0.517785906791687
2019-09-11 11:49:29,850 - trainer - INFO -     epoch          : 11
2019-09-11 11:49:29,851 - trainer - INFO -     loss1          : 11.741384146023508
2019-09-11 11:49:29,852 - trainer - INFO -     loss2          : 11.909262361739914
2019-09-11 11:49:29,852 - trainer - INFO -     err1           : 0.5257769227027893
2019-09-11 11:49:29,853 - trainer - INFO -     err2           : 0.5313960313796997
2019-09-11 11:49:29,853 - trainer - INFO -     err            : 0.5257769227027893
2019-09-11 11:49:29,854 - trainer - INFO -     val_loss_1     : 9.961326140818242
2019-09-11 11:49:29,854 - trainer - INFO -     val_loss_2     : 10.336195335792569
2019-09-11 11:49:29,854 - trainer - INFO -     val_err_1      : 0.5045153498649597
2019-09-11 11:49:29,855 - trainer - INFO -     val_err_2      : 0.5024163126945496
2019-09-11 11:49:29,855 - trainer - INFO -     val_err        : 0.5045153498649597
2019-09-11 11:49:55,392 - trainer - INFO -     epoch          : 12
2019-09-11 11:49:55,393 - trainer - INFO -     loss1          : 11.019621113304256
2019-09-11 11:49:55,393 - trainer - INFO -     loss2          : 11.236462895992835
2019-09-11 11:49:55,394 - trainer - INFO -     err1           : 0.5073959231376648
2019-09-11 11:49:55,394 - trainer - INFO -     err2           : 0.5147887468338013
2019-09-11 11:49:55,395 - trainer - INFO -     err            : 0.5073959231376648
2019-09-11 11:49:55,395 - trainer - INFO -     val_loss_1     : 8.840005288275728
2019-09-11 11:49:55,396 - trainer - INFO -     val_loss_2     : 9.368672293403545
2019-09-11 11:49:55,397 - trainer - INFO -     val_err_1      : 0.4769219160079956
2019-09-11 11:49:55,397 - trainer - INFO -     val_err_2      : 0.4825853407382965
2019-09-11 11:49:55,398 - trainer - INFO -     val_err        : 0.4769219160079956
2019-09-11 11:50:22,639 - trainer - INFO -     epoch          : 13
2019-09-11 11:50:22,639 - trainer - INFO -     loss1          : 10.27505221177795
2019-09-11 11:50:22,640 - trainer - INFO -     loss2          : 10.520440091513914
2019-09-11 11:50:22,640 - trainer - INFO -     err1           : 0.4880950450897217
2019-09-11 11:50:22,640 - trainer - INFO -     err2           : 0.49605417251586914
2019-09-11 11:50:22,641 - trainer - INFO -     err            : 0.4880950450897217
2019-09-11 11:50:22,641 - trainer - INFO -     val_loss_1     : 8.729644721472642
2019-09-11 11:50:22,641 - trainer - INFO -     val_loss_2     : 9.535571741973554
2019-09-11 11:50:22,642 - trainer - INFO -     val_err_1      : 0.4724821448326111
2019-09-11 11:50:22,642 - trainer - INFO -     val_err_2      : 0.479217529296875
2019-09-11 11:50:22,642 - trainer - INFO -     val_err        : 0.4724821448326111
2019-09-11 11:50:22,643 - trainer - INFO - Validation performance didn't improve for 10 epochs. Training stops.
