2019-09-16 10:43:14,803 - train - INFO - FCModel(
  (sales_embedding_net): Sequential(
    (0): Linear(in_features=740, out_features=256, bias=True)
    (1): BatchNorm1d(256, eps=1e-05, momentum=0.1, affine=True, track_running_stats=True)
    (2): ReLU()
    (3): Linear(in_features=256, out_features=16, bias=True)
    (4): BatchNorm1d(16, eps=1e-05, momentum=0.1, affine=True, track_running_stats=True)
    (5): ReLU()
  )
  (store_embedding_net): Sequential(
    (0): Linear(in_features=5, out_features=1, bias=True)
    (1): BatchNorm1d(1, eps=1e-05, momentum=0.1, affine=True, track_running_stats=True)
    (2): ReLU()
  )
  (fc_net): ModuleList(
    (0): Sequential(
      (0): Linear(in_features=37, out_features=64, bias=True)
      (1): BatchNorm1d(64, eps=1e-05, momentum=0.1, affine=True, track_running_stats=True)
      (2): ReLU()
      (3): Linear(in_features=64, out_features=64, bias=True)
      (4): BatchNorm1d(64, eps=1e-05, momentum=0.1, affine=True, track_running_stats=True)
      (5): ReLU()
      (6): Linear(in_features=64, out_features=1, bias=True)
    )
    (1): Sequential(
      (0): Linear(in_features=37, out_features=64, bias=True)
      (1): BatchNorm1d(64, eps=1e-05, momentum=0.1, affine=True, track_running_stats=True)
      (2): ReLU()
      (3): Linear(in_features=64, out_features=64, bias=True)
      (4): BatchNorm1d(64, eps=1e-05, momentum=0.1, affine=True, track_running_stats=True)
      (5): ReLU()
      (6): Linear(in_features=64, out_features=1, bias=True)
    )
    (2): Sequential(
      (0): Linear(in_features=37, out_features=64, bias=True)
      (1): BatchNorm1d(64, eps=1e-05, momentum=0.1, affine=True, track_running_stats=True)
      (2): ReLU()
      (3): Linear(in_features=64, out_features=64, bias=True)
      (4): BatchNorm1d(64, eps=1e-05, momentum=0.1, affine=True, track_running_stats=True)
      (5): ReLU()
      (6): Linear(in_features=64, out_features=1, bias=True)
    )
    (3): Sequential(
      (0): Linear(in_features=37, out_features=64, bias=True)
      (1): BatchNorm1d(64, eps=1e-05, momentum=0.1, affine=True, track_running_stats=True)
      (2): ReLU()
      (3): Linear(in_features=64, out_features=64, bias=True)
      (4): BatchNorm1d(64, eps=1e-05, momentum=0.1, affine=True, track_running_stats=True)
      (5): ReLU()
      (6): Linear(in_features=64, out_features=1, bias=True)
    )
    (4): Sequential(
      (0): Linear(in_features=37, out_features=64, bias=True)
      (1): BatchNorm1d(64, eps=1e-05, momentum=0.1, affine=True, track_running_stats=True)
      (2): ReLU()
      (3): Linear(in_features=64, out_features=64, bias=True)
      (4): BatchNorm1d(64, eps=1e-05, momentum=0.1, affine=True, track_running_stats=True)
      (5): ReLU()
      (6): Linear(in_features=64, out_features=1, bias=True)
    )
    (5): Sequential(
      (0): Linear(in_features=37, out_features=64, bias=True)
      (1): BatchNorm1d(64, eps=1e-05, momentum=0.1, affine=True, track_running_stats=True)
      (2): ReLU()
      (3): Linear(in_features=64, out_features=64, bias=True)
      (4): BatchNorm1d(64, eps=1e-05, momentum=0.1, affine=True, track_running_stats=True)
      (5): ReLU()
      (6): Linear(in_features=64, out_features=1, bias=True)
    )
    (6): Sequential(
      (0): Linear(in_features=37, out_features=64, bias=True)
      (1): BatchNorm1d(64, eps=1e-05, momentum=0.1, affine=True, track_running_stats=True)
      (2): ReLU()
      (3): Linear(in_features=64, out_features=64, bias=True)
      (4): BatchNorm1d(64, eps=1e-05, momentum=0.1, affine=True, track_running_stats=True)
      (5): ReLU()
      (6): Linear(in_features=64, out_features=1, bias=True)
    )
    (7): Sequential(
      (0): Linear(in_features=37, out_features=64, bias=True)
      (1): BatchNorm1d(64, eps=1e-05, momentum=0.1, affine=True, track_running_stats=True)
      (2): ReLU()
      (3): Linear(in_features=64, out_features=64, bias=True)
      (4): BatchNorm1d(64, eps=1e-05, momentum=0.1, affine=True, track_running_stats=True)
      (5): ReLU()
      (6): Linear(in_features=64, out_features=1, bias=True)
    )
    (8): Sequential(
      (0): Linear(in_features=37, out_features=64, bias=True)
      (1): BatchNorm1d(64, eps=1e-05, momentum=0.1, affine=True, track_running_stats=True)
      (2): ReLU()
      (3): Linear(in_features=64, out_features=64, bias=True)
      (4): BatchNorm1d(64, eps=1e-05, momentum=0.1, affine=True, track_running_stats=True)
      (5): ReLU()
      (6): Linear(in_features=64, out_features=1, bias=True)
    )
    (9): Sequential(
      (0): Linear(in_features=37, out_features=64, bias=True)
      (1): BatchNorm1d(64, eps=1e-05, momentum=0.1, affine=True, track_running_stats=True)
      (2): ReLU()
      (3): Linear(in_features=64, out_features=64, bias=True)
      (4): BatchNorm1d(64, eps=1e-05, momentum=0.1, affine=True, track_running_stats=True)
      (5): ReLU()
      (6): Linear(in_features=64, out_features=1, bias=True)
    )
    (10): Sequential(
      (0): Linear(in_features=37, out_features=64, bias=True)
      (1): BatchNorm1d(64, eps=1e-05, momentum=0.1, affine=True, track_running_stats=True)
      (2): ReLU()
      (3): Linear(in_features=64, out_features=64, bias=True)
      (4): BatchNorm1d(64, eps=1e-05, momentum=0.1, affine=True, track_running_stats=True)
      (5): ReLU()
      (6): Linear(in_features=64, out_features=1, bias=True)
    )
    (11): Sequential(
      (0): Linear(in_features=37, out_features=64, bias=True)
      (1): BatchNorm1d(64, eps=1e-05, momentum=0.1, affine=True, track_running_stats=True)
      (2): ReLU()
      (3): Linear(in_features=64, out_features=64, bias=True)
      (4): BatchNorm1d(64, eps=1e-05, momentum=0.1, affine=True, track_running_stats=True)
      (5): ReLU()
      (6): Linear(in_features=64, out_features=1, bias=True)
    )
    (12): Sequential(
      (0): Linear(in_features=37, out_features=64, bias=True)
      (1): BatchNorm1d(64, eps=1e-05, momentum=0.1, affine=True, track_running_stats=True)
      (2): ReLU()
      (3): Linear(in_features=64, out_features=64, bias=True)
      (4): BatchNorm1d(64, eps=1e-05, momentum=0.1, affine=True, track_running_stats=True)
      (5): ReLU()
      (6): Linear(in_features=64, out_features=1, bias=True)
    )
    (13): Sequential(
      (0): Linear(in_features=37, out_features=64, bias=True)
      (1): BatchNorm1d(64, eps=1e-05, momentum=0.1, affine=True, track_running_stats=True)
      (2): ReLU()
      (3): Linear(in_features=64, out_features=64, bias=True)
      (4): BatchNorm1d(64, eps=1e-05, momentum=0.1, affine=True, track_running_stats=True)
      (5): ReLU()
      (6): Linear(in_features=64, out_features=1, bias=True)
    )
    (14): Sequential(
      (0): Linear(in_features=37, out_features=64, bias=True)
      (1): BatchNorm1d(64, eps=1e-05, momentum=0.1, affine=True, track_running_stats=True)
      (2): ReLU()
      (3): Linear(in_features=64, out_features=64, bias=True)
      (4): BatchNorm1d(64, eps=1e-05, momentum=0.1, affine=True, track_running_stats=True)
      (5): ReLU()
      (6): Linear(in_features=64, out_features=1, bias=True)
    )
    (15): Sequential(
      (0): Linear(in_features=37, out_features=64, bias=True)
      (1): BatchNorm1d(64, eps=1e-05, momentum=0.1, affine=True, track_running_stats=True)
      (2): ReLU()
      (3): Linear(in_features=64, out_features=64, bias=True)
      (4): BatchNorm1d(64, eps=1e-05, momentum=0.1, affine=True, track_running_stats=True)
      (5): ReLU()
      (6): Linear(in_features=64, out_features=1, bias=True)
    )
    (16): Sequential(
      (0): Linear(in_features=37, out_features=64, bias=True)
      (1): BatchNorm1d(64, eps=1e-05, momentum=0.1, affine=True, track_running_stats=True)
      (2): ReLU()
      (3): Linear(in_features=64, out_features=64, bias=True)
      (4): BatchNorm1d(64, eps=1e-05, momentum=0.1, affine=True, track_running_stats=True)
      (5): ReLU()
      (6): Linear(in_features=64, out_features=1, bias=True)
    )
    (17): Sequential(
      (0): Linear(in_features=37, out_features=64, bias=True)
      (1): BatchNorm1d(64, eps=1e-05, momentum=0.1, affine=True, track_running_stats=True)
      (2): ReLU()
      (3): Linear(in_features=64, out_features=64, bias=True)
      (4): BatchNorm1d(64, eps=1e-05, momentum=0.1, affine=True, track_running_stats=True)
      (5): ReLU()
      (6): Linear(in_features=64, out_features=1, bias=True)
    )
    (18): Sequential(
      (0): Linear(in_features=37, out_features=64, bias=True)
      (1): BatchNorm1d(64, eps=1e-05, momentum=0.1, affine=True, track_running_stats=True)
      (2): ReLU()
      (3): Linear(in_features=64, out_features=64, bias=True)
      (4): BatchNorm1d(64, eps=1e-05, momentum=0.1, affine=True, track_running_stats=True)
      (5): ReLU()
      (6): Linear(in_features=64, out_features=1, bias=True)
    )
    (19): Sequential(
      (0): Linear(in_features=37, out_features=64, bias=True)
      (1): BatchNorm1d(64, eps=1e-05, momentum=0.1, affine=True, track_running_stats=True)
      (2): ReLU()
      (3): Linear(in_features=64, out_features=64, bias=True)
      (4): BatchNorm1d(64, eps=1e-05, momentum=0.1, affine=True, track_running_stats=True)
      (5): ReLU()
      (6): Linear(in_features=64, out_features=1, bias=True)
    )
    (20): Sequential(
      (0): Linear(in_features=37, out_features=64, bias=True)
      (1): BatchNorm1d(64, eps=1e-05, momentum=0.1, affine=True, track_running_stats=True)
      (2): ReLU()
      (3): Linear(in_features=64, out_features=64, bias=True)
      (4): BatchNorm1d(64, eps=1e-05, momentum=0.1, affine=True, track_running_stats=True)
      (5): ReLU()
      (6): Linear(in_features=64, out_features=1, bias=True)
    )
    (21): Sequential(
      (0): Linear(in_features=37, out_features=64, bias=True)
      (1): BatchNorm1d(64, eps=1e-05, momentum=0.1, affine=True, track_running_stats=True)
      (2): ReLU()
      (3): Linear(in_features=64, out_features=64, bias=True)
      (4): BatchNorm1d(64, eps=1e-05, momentum=0.1, affine=True, track_running_stats=True)
      (5): ReLU()
      (6): Linear(in_features=64, out_features=1, bias=True)
    )
    (22): Sequential(
      (0): Linear(in_features=37, out_features=64, bias=True)
      (1): BatchNorm1d(64, eps=1e-05, momentum=0.1, affine=True, track_running_stats=True)
      (2): ReLU()
      (3): Linear(in_features=64, out_features=64, bias=True)
      (4): BatchNorm1d(64, eps=1e-05, momentum=0.1, affine=True, track_running_stats=True)
      (5): ReLU()
      (6): Linear(in_features=64, out_features=1, bias=True)
    )
    (23): Sequential(
      (0): Linear(in_features=37, out_features=64, bias=True)
      (1): BatchNorm1d(64, eps=1e-05, momentum=0.1, affine=True, track_running_stats=True)
      (2): ReLU()
      (3): Linear(in_features=64, out_features=64, bias=True)
      (4): BatchNorm1d(64, eps=1e-05, momentum=0.1, affine=True, track_running_stats=True)
      (5): ReLU()
      (6): Linear(in_features=64, out_features=1, bias=True)
    )
    (24): Sequential(
      (0): Linear(in_features=37, out_features=64, bias=True)
      (1): BatchNorm1d(64, eps=1e-05, momentum=0.1, affine=True, track_running_stats=True)
      (2): ReLU()
      (3): Linear(in_features=64, out_features=64, bias=True)
      (4): BatchNorm1d(64, eps=1e-05, momentum=0.1, affine=True, track_running_stats=True)
      (5): ReLU()
      (6): Linear(in_features=64, out_features=1, bias=True)
    )
    (25): Sequential(
      (0): Linear(in_features=37, out_features=64, bias=True)
      (1): BatchNorm1d(64, eps=1e-05, momentum=0.1, affine=True, track_running_stats=True)
      (2): ReLU()
      (3): Linear(in_features=64, out_features=64, bias=True)
      (4): BatchNorm1d(64, eps=1e-05, momentum=0.1, affine=True, track_running_stats=True)
      (5): ReLU()
      (6): Linear(in_features=64, out_features=1, bias=True)
    )
    (26): Sequential(
      (0): Linear(in_features=37, out_features=64, bias=True)
      (1): BatchNorm1d(64, eps=1e-05, momentum=0.1, affine=True, track_running_stats=True)
      (2): ReLU()
      (3): Linear(in_features=64, out_features=64, bias=True)
      (4): BatchNorm1d(64, eps=1e-05, momentum=0.1, affine=True, track_running_stats=True)
      (5): ReLU()
      (6): Linear(in_features=64, out_features=1, bias=True)
    )
    (27): Sequential(
      (0): Linear(in_features=37, out_features=64, bias=True)
      (1): BatchNorm1d(64, eps=1e-05, momentum=0.1, affine=True, track_running_stats=True)
      (2): ReLU()
      (3): Linear(in_features=64, out_features=64, bias=True)
      (4): BatchNorm1d(64, eps=1e-05, momentum=0.1, affine=True, track_running_stats=True)
      (5): ReLU()
      (6): Linear(in_features=64, out_features=1, bias=True)
    )
    (28): Sequential(
      (0): Linear(in_features=37, out_features=64, bias=True)
      (1): BatchNorm1d(64, eps=1e-05, momentum=0.1, affine=True, track_running_stats=True)
      (2): ReLU()
      (3): Linear(in_features=64, out_features=64, bias=True)
      (4): BatchNorm1d(64, eps=1e-05, momentum=0.1, affine=True, track_running_stats=True)
      (5): ReLU()
      (6): Linear(in_features=64, out_features=1, bias=True)
    )
    (29): Sequential(
      (0): Linear(in_features=37, out_features=64, bias=True)
      (1): BatchNorm1d(64, eps=1e-05, momentum=0.1, affine=True, track_running_stats=True)
      (2): ReLU()
      (3): Linear(in_features=64, out_features=64, bias=True)
      (4): BatchNorm1d(64, eps=1e-05, momentum=0.1, affine=True, track_running_stats=True)
      (5): ReLU()
      (6): Linear(in_features=64, out_features=1, bias=True)
    )
    (30): Sequential(
      (0): Linear(in_features=37, out_features=64, bias=True)
      (1): BatchNorm1d(64, eps=1e-05, momentum=0.1, affine=True, track_running_stats=True)
      (2): ReLU()
      (3): Linear(in_features=64, out_features=64, bias=True)
      (4): BatchNorm1d(64, eps=1e-05, momentum=0.1, affine=True, track_running_stats=True)
      (5): ReLU()
      (6): Linear(in_features=64, out_features=1, bias=True)
    )
    (31): Sequential(
      (0): Linear(in_features=37, out_features=64, bias=True)
      (1): BatchNorm1d(64, eps=1e-05, momentum=0.1, affine=True, track_running_stats=True)
      (2): ReLU()
      (3): Linear(in_features=64, out_features=64, bias=True)
      (4): BatchNorm1d(64, eps=1e-05, momentum=0.1, affine=True, track_running_stats=True)
      (5): ReLU()
      (6): Linear(in_features=64, out_features=1, bias=True)
    )
    (32): Sequential(
      (0): Linear(in_features=37, out_features=64, bias=True)
      (1): BatchNorm1d(64, eps=1e-05, momentum=0.1, affine=True, track_running_stats=True)
      (2): ReLU()
      (3): Linear(in_features=64, out_features=64, bias=True)
      (4): BatchNorm1d(64, eps=1e-05, momentum=0.1, affine=True, track_running_stats=True)
      (5): ReLU()
      (6): Linear(in_features=64, out_features=1, bias=True)
    )
    (33): Sequential(
      (0): Linear(in_features=37, out_features=64, bias=True)
      (1): BatchNorm1d(64, eps=1e-05, momentum=0.1, affine=True, track_running_stats=True)
      (2): ReLU()
      (3): Linear(in_features=64, out_features=64, bias=True)
      (4): BatchNorm1d(64, eps=1e-05, momentum=0.1, affine=True, track_running_stats=True)
      (5): ReLU()
      (6): Linear(in_features=64, out_features=1, bias=True)
    )
    (34): Sequential(
      (0): Linear(in_features=37, out_features=64, bias=True)
      (1): BatchNorm1d(64, eps=1e-05, momentum=0.1, affine=True, track_running_stats=True)
      (2): ReLU()
      (3): Linear(in_features=64, out_features=64, bias=True)
      (4): BatchNorm1d(64, eps=1e-05, momentum=0.1, affine=True, track_running_stats=True)
      (5): ReLU()
      (6): Linear(in_features=64, out_features=1, bias=True)
    )
    (35): Sequential(
      (0): Linear(in_features=37, out_features=64, bias=True)
      (1): BatchNorm1d(64, eps=1e-05, momentum=0.1, affine=True, track_running_stats=True)
      (2): ReLU()
      (3): Linear(in_features=64, out_features=64, bias=True)
      (4): BatchNorm1d(64, eps=1e-05, momentum=0.1, affine=True, track_running_stats=True)
      (5): ReLU()
      (6): Linear(in_features=64, out_features=1, bias=True)
    )
    (36): Sequential(
      (0): Linear(in_features=37, out_features=64, bias=True)
      (1): BatchNorm1d(64, eps=1e-05, momentum=0.1, affine=True, track_running_stats=True)
      (2): ReLU()
      (3): Linear(in_features=64, out_features=64, bias=True)
      (4): BatchNorm1d(64, eps=1e-05, momentum=0.1, affine=True, track_running_stats=True)
      (5): ReLU()
      (6): Linear(in_features=64, out_features=1, bias=True)
    )
  )
)
Trainable parameters: 201273
2019-09-16 10:43:40,106 - trainer - INFO -     epoch          : 1
2019-09-16 10:43:40,107 - trainer - INFO -     loss1          : 30.995255313389528
2019-09-16 10:43:40,107 - trainer - INFO -     loss2          : 30.88903132821702
2019-09-16 10:43:40,107 - trainer - INFO -     err1           : 0.8556342124938965
2019-09-16 10:43:40,108 - trainer - INFO -     err2           : 0.8521913886070251
2019-09-16 10:43:40,108 - trainer - INFO -     err            : 0.8556342124938965
2019-09-16 10:43:40,108 - trainer - INFO -     val_loss_1     : 8.090107840278545
2019-09-16 10:43:40,108 - trainer - INFO -     val_loss_2     : 8.832104201030393
2019-09-16 10:43:40,109 - trainer - INFO -     val_err_1      : 0.4036594331264496
2019-09-16 10:43:40,109 - trainer - INFO -     val_err_2      : 0.4196278154850006
2019-09-16 10:43:40,109 - trainer - INFO -     val_err        : 0.4036594331264496
2019-09-16 10:43:40,142 - trainer - INFO - Saving current best to saved\models\FamilyMart-FCNet\0916_104314\model_best.pth ...
2019-09-16 10:44:01,434 - trainer - INFO -     epoch          : 2
2019-09-16 10:44:01,435 - trainer - INFO -     loss1          : 26.22818799537446
2019-09-16 10:44:01,436 - trainer - INFO -     loss2          : 26.354827293752454
2019-09-16 10:44:01,436 - trainer - INFO -     err1           : 0.8077431321144104
2019-09-16 10:44:01,437 - trainer - INFO -     err2           : 0.807813286781311
2019-09-16 10:44:01,437 - trainer - INFO -     err            : 0.8077431321144104
2019-09-16 10:44:01,437 - trainer - INFO -     val_loss_1     : 5.77307614168093
2019-09-16 10:44:01,438 - trainer - INFO -     val_loss_2     : 5.830996024734982
2019-09-16 10:44:01,438 - trainer - INFO -     val_err_1      : 0.3531830906867981
2019-09-16 10:44:01,439 - trainer - INFO -     val_err_2      : 0.36016133427619934
2019-09-16 10:44:01,439 - trainer - INFO -     val_err        : 0.3531830906867981
2019-09-16 10:44:01,459 - trainer - INFO - Saving current best to saved\models\FamilyMart-FCNet\0916_104314\model_best.pth ...
2019-09-16 10:44:23,804 - trainer - INFO -     epoch          : 3
2019-09-16 10:44:23,805 - trainer - INFO -     loss1          : 23.685236403274686
2019-09-16 10:44:23,805 - trainer - INFO -     loss2          : 23.890138635833825
2019-09-16 10:44:23,805 - trainer - INFO -     err1           : 0.7631316184997559
2019-09-16 10:44:23,806 - trainer - INFO -     err2           : 0.7641622424125671
2019-09-16 10:44:23,806 - trainer - INFO -     err            : 0.7631316184997559
2019-09-16 10:44:23,806 - trainer - INFO -     val_loss_1     : 5.821714313628395
2019-09-16 10:44:23,807 - trainer - INFO -     val_loss_2     : 6.017561302589444
2019-09-16 10:44:23,807 - trainer - INFO -     val_err_1      : 0.36845889687538147
2019-09-16 10:44:23,807 - trainer - INFO -     val_err_2      : 0.3787236213684082
2019-09-16 10:44:23,807 - trainer - INFO -     val_err        : 0.36845889687538147
2019-09-16 10:44:52,590 - trainer - INFO -     epoch          : 4
2019-09-16 10:44:52,591 - trainer - INFO -     loss1          : 21.51538488525103
2019-09-16 10:44:52,591 - trainer - INFO -     loss2          : 21.771658254502846
2019-09-16 10:44:52,592 - trainer - INFO -     err1           : 0.7255452871322632
2019-09-16 10:44:52,592 - trainer - INFO -     err2           : 0.7283879518508911
2019-09-16 10:44:52,593 - trainer - INFO -     err            : 0.7255452871322632
2019-09-16 10:44:52,593 - trainer - INFO -     val_loss_1     : 5.924094965095655
2019-09-16 10:44:52,594 - trainer - INFO -     val_loss_2     : 6.196912893558138
2019-09-16 10:44:52,595 - trainer - INFO -     val_err_1      : 0.37505224347114563
2019-09-16 10:44:52,595 - trainer - INFO -     val_err_2      : 0.38491275906562805
2019-09-16 10:44:52,596 - trainer - INFO -     val_err        : 0.37505224347114563
2019-09-16 10:45:18,668 - trainer - INFO -     epoch          : 5
2019-09-16 10:45:18,669 - trainer - INFO -     loss1          : 19.67325951793777
2019-09-16 10:45:18,670 - trainer - INFO -     loss2          : 19.971824043911955
2019-09-16 10:45:18,670 - trainer - INFO -     err1           : 0.6882567405700684
2019-09-16 10:45:18,671 - trainer - INFO -     err2           : 0.6929202079772949
2019-09-16 10:45:18,671 - trainer - INFO -     err            : 0.6882567405700684
2019-09-16 10:45:18,672 - trainer - INFO -     val_loss_1     : 7.023733725396146
2019-09-16 10:45:18,672 - trainer - INFO -     val_loss_2     : 7.506093055536384
2019-09-16 10:45:18,673 - trainer - INFO -     val_err_1      : 0.4350852072238922
2019-09-16 10:45:18,673 - trainer - INFO -     val_err_2      : 0.45108672976493835
2019-09-16 10:45:18,674 - trainer - INFO -     val_err        : 0.4350852072238922
2019-09-16 10:45:43,555 - trainer - INFO -     epoch          : 6
2019-09-16 10:45:43,555 - trainer - INFO -     loss1          : 17.81546937113516
2019-09-16 10:45:43,556 - trainer - INFO -     loss2          : 18.0969009189733
2019-09-16 10:45:43,556 - trainer - INFO -     err1           : 0.6524442434310913
2019-09-16 10:45:43,556 - trainer - INFO -     err2           : 0.6559619307518005
2019-09-16 10:45:43,557 - trainer - INFO -     err            : 0.6524442434310913
2019-09-16 10:45:43,557 - trainer - INFO -     val_loss_1     : 7.802747638823708
2019-09-16 10:45:43,557 - trainer - INFO -     val_loss_2     : 8.42626953125
2019-09-16 10:45:43,558 - trainer - INFO -     val_err_1      : 0.4463912844657898
2019-09-16 10:45:43,558 - trainer - INFO -     val_err_2      : 0.466129869222641
2019-09-16 10:45:43,558 - trainer - INFO -     val_err        : 0.4463912844657898
2019-09-16 10:46:10,045 - trainer - INFO -     epoch          : 7
2019-09-16 10:46:10,046 - trainer - INFO -     loss1          : 16.229771890029937
2019-09-16 10:46:10,046 - trainer - INFO -     loss2          : 16.542650322376815
2019-09-16 10:46:10,047 - trainer - INFO -     err1           : 0.6170601844787598
2019-09-16 10:46:10,047 - trainer - INFO -     err2           : 0.6218388676643372
2019-09-16 10:46:10,047 - trainer - INFO -     err            : 0.6170601844787598
2019-09-16 10:46:10,048 - trainer - INFO -     val_loss_1     : 7.564252657940868
2019-09-16 10:46:10,048 - trainer - INFO -     val_loss_2     : 8.032146817803804
2019-09-16 10:46:10,049 - trainer - INFO -     val_err_1      : 0.43814215064048767
2019-09-16 10:46:10,049 - trainer - INFO -     val_err_2      : 0.45471885800361633
2019-09-16 10:46:10,049 - trainer - INFO -     val_err        : 0.43814215064048767
2019-09-16 10:46:35,903 - trainer - INFO -     epoch          : 8
2019-09-16 10:46:35,903 - trainer - INFO -     loss1          : 14.83009087360743
2019-09-16 10:46:35,904 - trainer - INFO -     loss2          : 15.163107456765925
2019-09-16 10:46:35,904 - trainer - INFO -     err1           : 0.5939145088195801
2019-09-16 10:46:35,904 - trainer - INFO -     err2           : 0.5974107384681702
2019-09-16 10:46:35,905 - trainer - INFO -     err            : 0.5939145088195801
2019-09-16 10:46:35,905 - trainer - INFO -     val_loss_1     : 10.445822887622846
2019-09-16 10:46:35,905 - trainer - INFO -     val_loss_2     : 11.159259486114179
2019-09-16 10:46:35,906 - trainer - INFO -     val_err_1      : 0.486951619386673
2019-09-16 10:46:35,906 - trainer - INFO -     val_err_2      : 0.5068379044532776
2019-09-16 10:46:35,907 - trainer - INFO -     val_err        : 0.486951619386673
2019-09-16 10:47:03,249 - trainer - INFO -     epoch          : 9
2019-09-16 10:47:03,249 - trainer - INFO -     loss1          : 13.709401436585935
2019-09-16 10:47:03,250 - trainer - INFO -     loss2          : 14.03651287436813
2019-09-16 10:47:03,250 - trainer - INFO -     err1           : 0.5668293237686157
2019-09-16 10:47:03,251 - trainer - INFO -     err2           : 0.5715410709381104
2019-09-16 10:47:03,251 - trainer - INFO -     err            : 0.5668293237686157
2019-09-16 10:47:03,251 - trainer - INFO -     val_loss_1     : 9.976805724019297
2019-09-16 10:47:03,252 - trainer - INFO -     val_loss_2     : 10.614268272588616
2019-09-16 10:47:03,252 - trainer - INFO -     val_err_1      : 0.5108411908149719
2019-09-16 10:47:03,252 - trainer - INFO -     val_err_2      : 0.5351439714431763
2019-09-16 10:47:03,253 - trainer - INFO -     val_err        : 0.5108411908149719
2019-09-16 10:47:29,203 - trainer - INFO -     epoch          : 10
2019-09-16 10:47:29,204 - trainer - INFO -     loss1          : 12.371751789022625
2019-09-16 10:47:29,204 - trainer - INFO -     loss2          : 12.675378662396938
2019-09-16 10:47:29,204 - trainer - INFO -     err1           : 0.5322809815406799
2019-09-16 10:47:29,205 - trainer - INFO -     err2           : 0.5376212000846863
2019-09-16 10:47:29,205 - trainer - INFO -     err            : 0.5322809815406799
2019-09-16 10:47:29,206 - trainer - INFO -     val_loss_1     : 11.473661065522858
2019-09-16 10:47:29,206 - trainer - INFO -     val_loss_2     : 12.120990011801569
2019-09-16 10:47:29,207 - trainer - INFO -     val_err_1      : 0.5010814070701599
2019-09-16 10:47:29,207 - trainer - INFO -     val_err_2      : 0.5150570273399353
2019-09-16 10:47:29,207 - trainer - INFO -     val_err        : 0.5010814070701599
2019-09-16 10:47:53,070 - trainer - INFO -     epoch          : 11
2019-09-16 10:47:53,071 - trainer - INFO -     loss1          : 11.720951722844891
2019-09-16 10:47:53,071 - trainer - INFO -     loss2          : 12.348664492310194
2019-09-16 10:47:53,072 - trainer - INFO -     err1           : 0.5251479744911194
2019-09-16 10:47:53,072 - trainer - INFO -     err2           : 0.5415492653846741
2019-09-16 10:47:53,072 - trainer - INFO -     err            : 0.5251479744911194
2019-09-16 10:47:53,073 - trainer - INFO -     val_loss_1     : 13.563202443476701
2019-09-16 10:47:53,073 - trainer - INFO -     val_loss_2     : 14.47553503892447
2019-09-16 10:47:53,073 - trainer - INFO -     val_err_1      : 0.533517062664032
2019-09-16 10:47:53,074 - trainer - INFO -     val_err_2      : 0.5506096482276917
2019-09-16 10:47:53,074 - trainer - INFO -     val_err        : 0.533517062664032
2019-09-16 10:48:17,063 - trainer - INFO -     epoch          : 12
2019-09-16 10:48:17,063 - trainer - INFO -     loss1          : 10.992635426635502
2019-09-16 10:48:17,064 - trainer - INFO -     loss2          : 11.321861887146643
2019-09-16 10:48:17,065 - trainer - INFO -     err1           : 0.5018083453178406
2019-09-16 10:48:17,065 - trainer - INFO -     err2           : 0.5071955323219299
2019-09-16 10:48:17,066 - trainer - INFO -     err            : 0.5018083453178406
2019-09-16 10:48:17,066 - trainer - INFO -     val_loss_1     : 10.013433557517116
2019-09-16 10:48:17,067 - trainer - INFO -     val_loss_2     : 10.492147277185015
2019-09-16 10:48:17,067 - trainer - INFO -     val_err_1      : 0.46688735485076904
2019-09-16 10:48:17,067 - trainer - INFO -     val_err_2      : 0.47596612572669983
2019-09-16 10:48:17,068 - trainer - INFO -     val_err        : 0.46688735485076904
2019-09-16 10:48:17,068 - trainer - INFO - Validation performance didn't improve for 10 epochs. Training stops.
