2019-09-16 09:44:10,446 - train - INFO - FCModel(
  (sales_embedding_net): Sequential(
    (0): Linear(in_features=740, out_features=256, bias=True)
    (1): BatchNorm1d(256, eps=1e-05, momentum=0.1, affine=True, track_running_stats=True)
    (2): ReLU()
    (3): Linear(in_features=256, out_features=16, bias=True)
    (4): BatchNorm1d(16, eps=1e-05, momentum=0.1, affine=True, track_running_stats=True)
    (5): ReLU()
  )
  (store_embedding_net): Sequential(
    (0): Linear(in_features=5, out_features=1, bias=True)
    (1): BatchNorm1d(1, eps=1e-05, momentum=0.1, affine=True, track_running_stats=True)
    (2): ReLU()
  )
  (fc_net): ModuleList(
    (0): Sequential(
      (0): Linear(in_features=37, out_features=64, bias=True)
      (1): BatchNorm1d(64, eps=1e-05, momentum=0.1, affine=True, track_running_stats=True)
      (2): ReLU()
      (3): Linear(in_features=64, out_features=64, bias=True)
      (4): BatchNorm1d(64, eps=1e-05, momentum=0.1, affine=True, track_running_stats=True)
      (5): ReLU()
      (6): Linear(in_features=64, out_features=1, bias=True)
    )
    (1): Sequential(
      (0): Linear(in_features=37, out_features=64, bias=True)
      (1): BatchNorm1d(64, eps=1e-05, momentum=0.1, affine=True, track_running_stats=True)
      (2): ReLU()
      (3): Linear(in_features=64, out_features=64, bias=True)
      (4): BatchNorm1d(64, eps=1e-05, momentum=0.1, affine=True, track_running_stats=True)
      (5): ReLU()
      (6): Linear(in_features=64, out_features=1, bias=True)
    )
    (2): Sequential(
      (0): Linear(in_features=37, out_features=64, bias=True)
      (1): BatchNorm1d(64, eps=1e-05, momentum=0.1, affine=True, track_running_stats=True)
      (2): ReLU()
      (3): Linear(in_features=64, out_features=64, bias=True)
      (4): BatchNorm1d(64, eps=1e-05, momentum=0.1, affine=True, track_running_stats=True)
      (5): ReLU()
      (6): Linear(in_features=64, out_features=1, bias=True)
    )
    (3): Sequential(
      (0): Linear(in_features=37, out_features=64, bias=True)
      (1): BatchNorm1d(64, eps=1e-05, momentum=0.1, affine=True, track_running_stats=True)
      (2): ReLU()
      (3): Linear(in_features=64, out_features=64, bias=True)
      (4): BatchNorm1d(64, eps=1e-05, momentum=0.1, affine=True, track_running_stats=True)
      (5): ReLU()
      (6): Linear(in_features=64, out_features=1, bias=True)
    )
    (4): Sequential(
      (0): Linear(in_features=37, out_features=64, bias=True)
      (1): BatchNorm1d(64, eps=1e-05, momentum=0.1, affine=True, track_running_stats=True)
      (2): ReLU()
      (3): Linear(in_features=64, out_features=64, bias=True)
      (4): BatchNorm1d(64, eps=1e-05, momentum=0.1, affine=True, track_running_stats=True)
      (5): ReLU()
      (6): Linear(in_features=64, out_features=1, bias=True)
    )
    (5): Sequential(
      (0): Linear(in_features=37, out_features=64, bias=True)
      (1): BatchNorm1d(64, eps=1e-05, momentum=0.1, affine=True, track_running_stats=True)
      (2): ReLU()
      (3): Linear(in_features=64, out_features=64, bias=True)
      (4): BatchNorm1d(64, eps=1e-05, momentum=0.1, affine=True, track_running_stats=True)
      (5): ReLU()
      (6): Linear(in_features=64, out_features=1, bias=True)
    )
    (6): Sequential(
      (0): Linear(in_features=37, out_features=64, bias=True)
      (1): BatchNorm1d(64, eps=1e-05, momentum=0.1, affine=True, track_running_stats=True)
      (2): ReLU()
      (3): Linear(in_features=64, out_features=64, bias=True)
      (4): BatchNorm1d(64, eps=1e-05, momentum=0.1, affine=True, track_running_stats=True)
      (5): ReLU()
      (6): Linear(in_features=64, out_features=1, bias=True)
    )
    (7): Sequential(
      (0): Linear(in_features=37, out_features=64, bias=True)
      (1): BatchNorm1d(64, eps=1e-05, momentum=0.1, affine=True, track_running_stats=True)
      (2): ReLU()
      (3): Linear(in_features=64, out_features=64, bias=True)
      (4): BatchNorm1d(64, eps=1e-05, momentum=0.1, affine=True, track_running_stats=True)
      (5): ReLU()
      (6): Linear(in_features=64, out_features=1, bias=True)
    )
    (8): Sequential(
      (0): Linear(in_features=37, out_features=64, bias=True)
      (1): BatchNorm1d(64, eps=1e-05, momentum=0.1, affine=True, track_running_stats=True)
      (2): ReLU()
      (3): Linear(in_features=64, out_features=64, bias=True)
      (4): BatchNorm1d(64, eps=1e-05, momentum=0.1, affine=True, track_running_stats=True)
      (5): ReLU()
      (6): Linear(in_features=64, out_features=1, bias=True)
    )
    (9): Sequential(
      (0): Linear(in_features=37, out_features=64, bias=True)
      (1): BatchNorm1d(64, eps=1e-05, momentum=0.1, affine=True, track_running_stats=True)
      (2): ReLU()
      (3): Linear(in_features=64, out_features=64, bias=True)
      (4): BatchNorm1d(64, eps=1e-05, momentum=0.1, affine=True, track_running_stats=True)
      (5): ReLU()
      (6): Linear(in_features=64, out_features=1, bias=True)
    )
    (10): Sequential(
      (0): Linear(in_features=37, out_features=64, bias=True)
      (1): BatchNorm1d(64, eps=1e-05, momentum=0.1, affine=True, track_running_stats=True)
      (2): ReLU()
      (3): Linear(in_features=64, out_features=64, bias=True)
      (4): BatchNorm1d(64, eps=1e-05, momentum=0.1, affine=True, track_running_stats=True)
      (5): ReLU()
      (6): Linear(in_features=64, out_features=1, bias=True)
    )
    (11): Sequential(
      (0): Linear(in_features=37, out_features=64, bias=True)
      (1): BatchNorm1d(64, eps=1e-05, momentum=0.1, affine=True, track_running_stats=True)
      (2): ReLU()
      (3): Linear(in_features=64, out_features=64, bias=True)
      (4): BatchNorm1d(64, eps=1e-05, momentum=0.1, affine=True, track_running_stats=True)
      (5): ReLU()
      (6): Linear(in_features=64, out_features=1, bias=True)
    )
    (12): Sequential(
      (0): Linear(in_features=37, out_features=64, bias=True)
      (1): BatchNorm1d(64, eps=1e-05, momentum=0.1, affine=True, track_running_stats=True)
      (2): ReLU()
      (3): Linear(in_features=64, out_features=64, bias=True)
      (4): BatchNorm1d(64, eps=1e-05, momentum=0.1, affine=True, track_running_stats=True)
      (5): ReLU()
      (6): Linear(in_features=64, out_features=1, bias=True)
    )
    (13): Sequential(
      (0): Linear(in_features=37, out_features=64, bias=True)
      (1): BatchNorm1d(64, eps=1e-05, momentum=0.1, affine=True, track_running_stats=True)
      (2): ReLU()
      (3): Linear(in_features=64, out_features=64, bias=True)
      (4): BatchNorm1d(64, eps=1e-05, momentum=0.1, affine=True, track_running_stats=True)
      (5): ReLU()
      (6): Linear(in_features=64, out_features=1, bias=True)
    )
    (14): Sequential(
      (0): Linear(in_features=37, out_features=64, bias=True)
      (1): BatchNorm1d(64, eps=1e-05, momentum=0.1, affine=True, track_running_stats=True)
      (2): ReLU()
      (3): Linear(in_features=64, out_features=64, bias=True)
      (4): BatchNorm1d(64, eps=1e-05, momentum=0.1, affine=True, track_running_stats=True)
      (5): ReLU()
      (6): Linear(in_features=64, out_features=1, bias=True)
    )
    (15): Sequential(
      (0): Linear(in_features=37, out_features=64, bias=True)
      (1): BatchNorm1d(64, eps=1e-05, momentum=0.1, affine=True, track_running_stats=True)
      (2): ReLU()
      (3): Linear(in_features=64, out_features=64, bias=True)
      (4): BatchNorm1d(64, eps=1e-05, momentum=0.1, affine=True, track_running_stats=True)
      (5): ReLU()
      (6): Linear(in_features=64, out_features=1, bias=True)
    )
    (16): Sequential(
      (0): Linear(in_features=37, out_features=64, bias=True)
      (1): BatchNorm1d(64, eps=1e-05, momentum=0.1, affine=True, track_running_stats=True)
      (2): ReLU()
      (3): Linear(in_features=64, out_features=64, bias=True)
      (4): BatchNorm1d(64, eps=1e-05, momentum=0.1, affine=True, track_running_stats=True)
      (5): ReLU()
      (6): Linear(in_features=64, out_features=1, bias=True)
    )
    (17): Sequential(
      (0): Linear(in_features=37, out_features=64, bias=True)
      (1): BatchNorm1d(64, eps=1e-05, momentum=0.1, affine=True, track_running_stats=True)
      (2): ReLU()
      (3): Linear(in_features=64, out_features=64, bias=True)
      (4): BatchNorm1d(64, eps=1e-05, momentum=0.1, affine=True, track_running_stats=True)
      (5): ReLU()
      (6): Linear(in_features=64, out_features=1, bias=True)
    )
    (18): Sequential(
      (0): Linear(in_features=37, out_features=64, bias=True)
      (1): BatchNorm1d(64, eps=1e-05, momentum=0.1, affine=True, track_running_stats=True)
      (2): ReLU()
      (3): Linear(in_features=64, out_features=64, bias=True)
      (4): BatchNorm1d(64, eps=1e-05, momentum=0.1, affine=True, track_running_stats=True)
      (5): ReLU()
      (6): Linear(in_features=64, out_features=1, bias=True)
    )
    (19): Sequential(
      (0): Linear(in_features=37, out_features=64, bias=True)
      (1): BatchNorm1d(64, eps=1e-05, momentum=0.1, affine=True, track_running_stats=True)
      (2): ReLU()
      (3): Linear(in_features=64, out_features=64, bias=True)
      (4): BatchNorm1d(64, eps=1e-05, momentum=0.1, affine=True, track_running_stats=True)
      (5): ReLU()
      (6): Linear(in_features=64, out_features=1, bias=True)
    )
    (20): Sequential(
      (0): Linear(in_features=37, out_features=64, bias=True)
      (1): BatchNorm1d(64, eps=1e-05, momentum=0.1, affine=True, track_running_stats=True)
      (2): ReLU()
      (3): Linear(in_features=64, out_features=64, bias=True)
      (4): BatchNorm1d(64, eps=1e-05, momentum=0.1, affine=True, track_running_stats=True)
      (5): ReLU()
      (6): Linear(in_features=64, out_features=1, bias=True)
    )
    (21): Sequential(
      (0): Linear(in_features=37, out_features=64, bias=True)
      (1): BatchNorm1d(64, eps=1e-05, momentum=0.1, affine=True, track_running_stats=True)
      (2): ReLU()
      (3): Linear(in_features=64, out_features=64, bias=True)
      (4): BatchNorm1d(64, eps=1e-05, momentum=0.1, affine=True, track_running_stats=True)
      (5): ReLU()
      (6): Linear(in_features=64, out_features=1, bias=True)
    )
    (22): Sequential(
      (0): Linear(in_features=37, out_features=64, bias=True)
      (1): BatchNorm1d(64, eps=1e-05, momentum=0.1, affine=True, track_running_stats=True)
      (2): ReLU()
      (3): Linear(in_features=64, out_features=64, bias=True)
      (4): BatchNorm1d(64, eps=1e-05, momentum=0.1, affine=True, track_running_stats=True)
      (5): ReLU()
      (6): Linear(in_features=64, out_features=1, bias=True)
    )
    (23): Sequential(
      (0): Linear(in_features=37, out_features=64, bias=True)
      (1): BatchNorm1d(64, eps=1e-05, momentum=0.1, affine=True, track_running_stats=True)
      (2): ReLU()
      (3): Linear(in_features=64, out_features=64, bias=True)
      (4): BatchNorm1d(64, eps=1e-05, momentum=0.1, affine=True, track_running_stats=True)
      (5): ReLU()
      (6): Linear(in_features=64, out_features=1, bias=True)
    )
    (24): Sequential(
      (0): Linear(in_features=37, out_features=64, bias=True)
      (1): BatchNorm1d(64, eps=1e-05, momentum=0.1, affine=True, track_running_stats=True)
      (2): ReLU()
      (3): Linear(in_features=64, out_features=64, bias=True)
      (4): BatchNorm1d(64, eps=1e-05, momentum=0.1, affine=True, track_running_stats=True)
      (5): ReLU()
      (6): Linear(in_features=64, out_features=1, bias=True)
    )
    (25): Sequential(
      (0): Linear(in_features=37, out_features=64, bias=True)
      (1): BatchNorm1d(64, eps=1e-05, momentum=0.1, affine=True, track_running_stats=True)
      (2): ReLU()
      (3): Linear(in_features=64, out_features=64, bias=True)
      (4): BatchNorm1d(64, eps=1e-05, momentum=0.1, affine=True, track_running_stats=True)
      (5): ReLU()
      (6): Linear(in_features=64, out_features=1, bias=True)
    )
    (26): Sequential(
      (0): Linear(in_features=37, out_features=64, bias=True)
      (1): BatchNorm1d(64, eps=1e-05, momentum=0.1, affine=True, track_running_stats=True)
      (2): ReLU()
      (3): Linear(in_features=64, out_features=64, bias=True)
      (4): BatchNorm1d(64, eps=1e-05, momentum=0.1, affine=True, track_running_stats=True)
      (5): ReLU()
      (6): Linear(in_features=64, out_features=1, bias=True)
    )
    (27): Sequential(
      (0): Linear(in_features=37, out_features=64, bias=True)
      (1): BatchNorm1d(64, eps=1e-05, momentum=0.1, affine=True, track_running_stats=True)
      (2): ReLU()
      (3): Linear(in_features=64, out_features=64, bias=True)
      (4): BatchNorm1d(64, eps=1e-05, momentum=0.1, affine=True, track_running_stats=True)
      (5): ReLU()
      (6): Linear(in_features=64, out_features=1, bias=True)
    )
    (28): Sequential(
      (0): Linear(in_features=37, out_features=64, bias=True)
      (1): BatchNorm1d(64, eps=1e-05, momentum=0.1, affine=True, track_running_stats=True)
      (2): ReLU()
      (3): Linear(in_features=64, out_features=64, bias=True)
      (4): BatchNorm1d(64, eps=1e-05, momentum=0.1, affine=True, track_running_stats=True)
      (5): ReLU()
      (6): Linear(in_features=64, out_features=1, bias=True)
    )
    (29): Sequential(
      (0): Linear(in_features=37, out_features=64, bias=True)
      (1): BatchNorm1d(64, eps=1e-05, momentum=0.1, affine=True, track_running_stats=True)
      (2): ReLU()
      (3): Linear(in_features=64, out_features=64, bias=True)
      (4): BatchNorm1d(64, eps=1e-05, momentum=0.1, affine=True, track_running_stats=True)
      (5): ReLU()
      (6): Linear(in_features=64, out_features=1, bias=True)
    )
    (30): Sequential(
      (0): Linear(in_features=37, out_features=64, bias=True)
      (1): BatchNorm1d(64, eps=1e-05, momentum=0.1, affine=True, track_running_stats=True)
      (2): ReLU()
      (3): Linear(in_features=64, out_features=64, bias=True)
      (4): BatchNorm1d(64, eps=1e-05, momentum=0.1, affine=True, track_running_stats=True)
      (5): ReLU()
      (6): Linear(in_features=64, out_features=1, bias=True)
    )
    (31): Sequential(
      (0): Linear(in_features=37, out_features=64, bias=True)
      (1): BatchNorm1d(64, eps=1e-05, momentum=0.1, affine=True, track_running_stats=True)
      (2): ReLU()
      (3): Linear(in_features=64, out_features=64, bias=True)
      (4): BatchNorm1d(64, eps=1e-05, momentum=0.1, affine=True, track_running_stats=True)
      (5): ReLU()
      (6): Linear(in_features=64, out_features=1, bias=True)
    )
    (32): Sequential(
      (0): Linear(in_features=37, out_features=64, bias=True)
      (1): BatchNorm1d(64, eps=1e-05, momentum=0.1, affine=True, track_running_stats=True)
      (2): ReLU()
      (3): Linear(in_features=64, out_features=64, bias=True)
      (4): BatchNorm1d(64, eps=1e-05, momentum=0.1, affine=True, track_running_stats=True)
      (5): ReLU()
      (6): Linear(in_features=64, out_features=1, bias=True)
    )
    (33): Sequential(
      (0): Linear(in_features=37, out_features=64, bias=True)
      (1): BatchNorm1d(64, eps=1e-05, momentum=0.1, affine=True, track_running_stats=True)
      (2): ReLU()
      (3): Linear(in_features=64, out_features=64, bias=True)
      (4): BatchNorm1d(64, eps=1e-05, momentum=0.1, affine=True, track_running_stats=True)
      (5): ReLU()
      (6): Linear(in_features=64, out_features=1, bias=True)
    )
    (34): Sequential(
      (0): Linear(in_features=37, out_features=64, bias=True)
      (1): BatchNorm1d(64, eps=1e-05, momentum=0.1, affine=True, track_running_stats=True)
      (2): ReLU()
      (3): Linear(in_features=64, out_features=64, bias=True)
      (4): BatchNorm1d(64, eps=1e-05, momentum=0.1, affine=True, track_running_stats=True)
      (5): ReLU()
      (6): Linear(in_features=64, out_features=1, bias=True)
    )
    (35): Sequential(
      (0): Linear(in_features=37, out_features=64, bias=True)
      (1): BatchNorm1d(64, eps=1e-05, momentum=0.1, affine=True, track_running_stats=True)
      (2): ReLU()
      (3): Linear(in_features=64, out_features=64, bias=True)
      (4): BatchNorm1d(64, eps=1e-05, momentum=0.1, affine=True, track_running_stats=True)
      (5): ReLU()
      (6): Linear(in_features=64, out_features=1, bias=True)
    )
    (36): Sequential(
      (0): Linear(in_features=37, out_features=64, bias=True)
      (1): BatchNorm1d(64, eps=1e-05, momentum=0.1, affine=True, track_running_stats=True)
      (2): ReLU()
      (3): Linear(in_features=64, out_features=64, bias=True)
      (4): BatchNorm1d(64, eps=1e-05, momentum=0.1, affine=True, track_running_stats=True)
      (5): ReLU()
      (6): Linear(in_features=64, out_features=1, bias=True)
    )
  )
)
Trainable parameters: 201273
2019-09-16 09:44:37,244 - trainer - INFO -     epoch          : 1
2019-09-16 09:44:37,244 - trainer - INFO -     loss1          : 29.991893802758145
2019-09-16 09:44:37,245 - trainer - INFO -     loss2          : 30.19621678843983
2019-09-16 09:44:37,245 - trainer - INFO -     err1           : 0.8618390560150146
2019-09-16 09:44:37,246 - trainer - INFO -     err2           : 0.8635039925575256
2019-09-16 09:44:37,246 - trainer - INFO -     err            : 0.8618390560150146
2019-09-16 09:44:37,246 - trainer - INFO -     val_loss_1     : 7.150353691181952
2019-09-16 09:44:37,247 - trainer - INFO -     val_loss_2     : 7.79891428593612
2019-09-16 09:44:37,247 - trainer - INFO -     val_err_1      : 0.4096851348876953
2019-09-16 09:44:37,248 - trainer - INFO -     val_err_2      : 0.42198890447616577
2019-09-16 09:44:37,248 - trainer - INFO -     val_err        : 0.4096851348876953
2019-09-16 09:44:37,273 - trainer - INFO - Saving current best to saved\models\FamilyMart-FCNet\0916_094410\model_best.pth ...
2019-09-16 09:45:02,642 - trainer - INFO -     epoch          : 2
2019-09-16 09:45:02,642 - trainer - INFO -     loss1          : 26.133482041525568
2019-09-16 09:45:02,643 - trainer - INFO -     loss2          : 26.356752621037003
2019-09-16 09:45:02,643 - trainer - INFO -     err1           : 0.7872141003608704
2019-09-16 09:45:02,644 - trainer - INFO -     err2           : 0.7907131910324097
2019-09-16 09:45:02,644 - trainer - INFO -     err            : 0.7872141003608704
2019-09-16 09:45:02,644 - trainer - INFO -     val_loss_1     : 8.26023848570699
2019-09-16 09:45:02,645 - trainer - INFO -     val_loss_2     : 9.480192582093364
2019-09-16 09:45:02,645 - trainer - INFO -     val_err_1      : 0.4534173905849457
2019-09-16 09:45:02,646 - trainer - INFO -     val_err_2      : 0.4832639694213867
2019-09-16 09:45:02,646 - trainer - INFO -     val_err        : 0.4534173905849457
2019-09-16 09:45:26,362 - trainer - INFO -     epoch          : 3
2019-09-16 09:45:26,363 - trainer - INFO -     loss1          : 23.052699771636973
2019-09-16 09:45:26,364 - trainer - INFO -     loss2          : 23.32487170875049
2019-09-16 09:45:26,365 - trainer - INFO -     err1           : 0.7491025924682617
2019-09-16 09:45:26,365 - trainer - INFO -     err2           : 0.7529954314231873
2019-09-16 09:45:26,366 - trainer - INFO -     err            : 0.7491025924682617
2019-09-16 09:45:26,366 - trainer - INFO -     val_loss_1     : 5.4161278283216925
2019-09-16 09:45:26,367 - trainer - INFO -     val_loss_2     : 5.70391656990186
2019-09-16 09:45:26,367 - trainer - INFO -     val_err_1      : 0.38507983088493347
2019-09-16 09:45:26,368 - trainer - INFO -     val_err_2      : 0.39521118998527527
2019-09-16 09:45:26,368 - trainer - INFO -     val_err        : 0.38507983088493347
2019-09-16 09:45:26,404 - trainer - INFO - Saving current best to saved\models\FamilyMart-FCNet\0916_094410\model_best.pth ...
2019-09-16 09:45:49,664 - trainer - INFO -     epoch          : 4
2019-09-16 09:45:49,664 - trainer - INFO -     loss1          : 20.709669444904545
2019-09-16 09:45:49,665 - trainer - INFO -     loss2          : 21.106920653434187
2019-09-16 09:45:49,665 - trainer - INFO -     err1           : 0.6965896487236023
2019-09-16 09:45:49,665 - trainer - INFO -     err2           : 0.7077412605285645
2019-09-16 09:45:49,666 - trainer - INFO -     err            : 0.6965896487236023
2019-09-16 09:45:49,666 - trainer - INFO -     val_loss_1     : 5.772960325854406
2019-09-16 09:45:49,667 - trainer - INFO -     val_loss_2     : 6.124469716641591
2019-09-16 09:45:49,667 - trainer - INFO -     val_err_1      : 0.3796089291572571
2019-09-16 09:45:49,667 - trainer - INFO -     val_err_2      : 0.38842952251434326
2019-09-16 09:45:49,668 - trainer - INFO -     val_err        : 0.3796089291572571
2019-09-16 09:45:49,691 - trainer - INFO - Saving current best to saved\models\FamilyMart-FCNet\0916_094410\model_best.pth ...
2019-09-16 09:46:13,380 - trainer - INFO -     epoch          : 5
2019-09-16 09:46:13,381 - trainer - INFO -     loss1          : 19.37993174606461
2019-09-16 09:46:13,381 - trainer - INFO -     loss2          : 20.107800307346878
2019-09-16 09:46:13,382 - trainer - INFO -     err1           : 0.6953855156898499
2019-09-16 09:46:13,382 - trainer - INFO -     err2           : 0.7127783298492432
2019-09-16 09:46:13,382 - trainer - INFO -     err            : 0.6953855156898499
2019-09-16 09:46:13,383 - trainer - INFO -     val_loss_1     : 13.009869471034397
2019-09-16 09:46:13,383 - trainer - INFO -     val_loss_2     : 15.360737076075255
2019-09-16 09:46:13,383 - trainer - INFO -     val_err_1      : 0.585903525352478
2019-09-16 09:46:13,384 - trainer - INFO -     val_err_2      : 0.6431733965873718
2019-09-16 09:46:13,384 - trainer - INFO -     val_err        : 0.585903525352478
2019-09-16 09:46:37,510 - trainer - INFO -     epoch          : 6
2019-09-16 09:46:37,510 - trainer - INFO -     loss1          : 17.300787816012097
2019-09-16 09:46:37,511 - trainer - INFO -     loss2          : 17.631403922660237
2019-09-16 09:46:37,511 - trainer - INFO -     err1           : 0.6341737508773804
2019-09-16 09:46:37,512 - trainer - INFO -     err2           : 0.6453557014465332
2019-09-16 09:46:37,512 - trainer - INFO -     err            : 0.6341737508773804
2019-09-16 09:46:37,513 - trainer - INFO -     val_loss_1     : 9.671340996300795
2019-09-16 09:46:37,513 - trainer - INFO -     val_loss_2     : 10.498511108829781
2019-09-16 09:46:37,514 - trainer - INFO -     val_err_1      : 0.47847282886505127
2019-09-16 09:46:37,514 - trainer - INFO -     val_err_2      : 0.49464523792266846
2019-09-16 09:46:37,514 - trainer - INFO -     val_err        : 0.47847282886505127
2019-09-16 09:47:01,330 - trainer - INFO -     epoch          : 7
2019-09-16 09:47:01,330 - trainer - INFO -     loss1          : 15.406328504582596
2019-09-16 09:47:01,331 - trainer - INFO -     loss2          : 16.263731592161122
2019-09-16 09:47:01,331 - trainer - INFO -     err1           : 0.5979812145233154
2019-09-16 09:47:01,331 - trainer - INFO -     err2           : 0.6238502860069275
2019-09-16 09:47:01,332 - trainer - INFO -     err            : 0.5979812145233154
2019-09-16 09:47:01,332 - trainer - INFO -     val_loss_1     : 7.866073985824316
2019-09-16 09:47:01,332 - trainer - INFO -     val_loss_2     : 8.568331391567055
2019-09-16 09:47:01,333 - trainer - INFO -     val_err_1      : 0.46293655037879944
2019-09-16 09:47:01,333 - trainer - INFO -     val_err_2      : 0.4798738658428192
2019-09-16 09:47:01,334 - trainer - INFO -     val_err        : 0.46293655037879944
2019-09-16 09:47:24,840 - trainer - INFO -     epoch          : 8
2019-09-16 09:47:24,841 - trainer - INFO -     loss1          : 13.915402062322094
2019-09-16 09:47:24,841 - trainer - INFO -     loss2          : 14.143914092789924
2019-09-16 09:47:24,842 - trainer - INFO -     err1           : 0.5718031525611877
2019-09-16 09:47:24,842 - trainer - INFO -     err2           : 0.5757795572280884
2019-09-16 09:47:24,843 - trainer - INFO -     err            : 0.5718031525611877
2019-09-16 09:47:24,843 - trainer - INFO -     val_loss_1     : 9.00752274476176
2019-09-16 09:47:24,843 - trainer - INFO -     val_loss_2     : 9.793095403341017
2019-09-16 09:47:24,844 - trainer - INFO -     val_err_1      : 0.5097399353981018
2019-09-16 09:47:24,844 - trainer - INFO -     val_err_2      : 0.5304314494132996
2019-09-16 09:47:24,845 - trainer - INFO -     val_err        : 0.5097399353981018
2019-09-16 09:47:47,581 - trainer - INFO -     epoch          : 9
2019-09-16 09:47:47,581 - trainer - INFO -     loss1          : 13.242529987025177
2019-09-16 09:47:47,582 - trainer - INFO -     loss2          : 13.51333312628828
2019-09-16 09:47:47,582 - trainer - INFO -     err1           : 0.5562477707862854
2019-09-16 09:47:47,583 - trainer - INFO -     err2           : 0.5618508458137512
2019-09-16 09:47:47,583 - trainer - INFO -     err            : 0.5562477707862854
2019-09-16 09:47:47,583 - trainer - INFO -     val_loss_1     : 9.866522152095296
2019-09-16 09:47:47,584 - trainer - INFO -     val_loss_2     : 10.673148650583867
2019-09-16 09:47:47,584 - trainer - INFO -     val_err_1      : 0.515300452709198
2019-09-16 09:47:47,584 - trainer - INFO -     val_err_2      : 0.5275275707244873
2019-09-16 09:47:47,585 - trainer - INFO -     val_err        : 0.515300452709198
2019-09-16 09:48:14,208 - trainer - INFO -     epoch          : 10
2019-09-16 09:48:14,209 - trainer - INFO -     loss1          : 14.845345876429377
2019-09-16 09:48:14,210 - trainer - INFO -     loss2          : 14.984199011704947
2019-09-16 09:48:14,210 - trainer - INFO -     err1           : 0.6147626042366028
2019-09-16 09:48:14,211 - trainer - INFO -     err2           : 0.6144613027572632
2019-09-16 09:48:14,211 - trainer - INFO -     err            : 0.6147626042366028
2019-09-16 09:48:14,212 - trainer - INFO -     val_loss_1     : 8.610095128574978
2019-09-16 09:48:14,212 - trainer - INFO -     val_loss_2     : 9.505120698639024
2019-09-16 09:48:14,213 - trainer - INFO -     val_err_1      : 0.45998284220695496
2019-09-16 09:48:14,213 - trainer - INFO -     val_err_2      : 0.46903297305107117
2019-09-16 09:48:14,214 - trainer - INFO -     val_err        : 0.45998284220695496
2019-09-16 09:48:39,227 - trainer - INFO -     epoch          : 11
2019-09-16 09:48:39,228 - trainer - INFO -     loss1          : 13.229779079094278
2019-09-16 09:48:39,228 - trainer - INFO -     loss2          : 13.328263125889526
2019-09-16 09:48:39,229 - trainer - INFO -     err1           : 0.5401597619056702
2019-09-16 09:48:39,229 - trainer - INFO -     err2           : 0.539228618144989
2019-09-16 09:48:39,229 - trainer - INFO -     err            : 0.5401597619056702
2019-09-16 09:48:39,230 - trainer - INFO -     val_loss_1     : 7.702853145531968
2019-09-16 09:48:39,230 - trainer - INFO -     val_loss_2     : 7.9771685381238955
2019-09-16 09:48:39,230 - trainer - INFO -     val_err_1      : 0.5072258114814758
2019-09-16 09:48:39,231 - trainer - INFO -     val_err_2      : 0.5200254917144775
2019-09-16 09:48:39,231 - trainer - INFO -     val_err        : 0.5072258114814758
2019-09-16 09:49:08,078 - trainer - INFO -     epoch          : 12
2019-09-16 09:49:08,079 - trainer - INFO -     loss1          : 12.158353232663428
2019-09-16 09:49:08,079 - trainer - INFO -     loss2          : 12.728592931405208
2019-09-16 09:49:08,080 - trainer - INFO -     err1           : 0.525732159614563
2019-09-16 09:49:08,080 - trainer - INFO -     err2           : 0.5341321229934692
2019-09-16 09:49:08,080 - trainer - INFO -     err            : 0.525732159614563
2019-09-16 09:49:08,081 - trainer - INFO -     val_loss_1     : 7.620294415908652
2019-09-16 09:49:08,081 - trainer - INFO -     val_loss_2     : 8.140570866345517
2019-09-16 09:49:08,081 - trainer - INFO -     val_err_1      : 0.48821336030960083
2019-09-16 09:49:08,082 - trainer - INFO -     val_err_2      : 0.49820640683174133
2019-09-16 09:49:08,082 - trainer - INFO -     val_err        : 0.48821336030960083
2019-09-16 09:49:38,325 - trainer - INFO -     epoch          : 13
2019-09-16 09:49:38,326 - trainer - INFO -     loss1          : 11.044458851329383
2019-09-16 09:49:38,326 - trainer - INFO -     loss2          : 11.311365853209658
2019-09-16 09:49:38,327 - trainer - INFO -     err1           : 0.4984314441680908
2019-09-16 09:49:38,327 - trainer - INFO -     err2           : 0.5024070143699646
2019-09-16 09:49:38,328 - trainer - INFO -     err            : 0.4984314441680908
2019-09-16 09:49:38,328 - trainer - INFO -     val_loss_1     : 7.152800435312224
2019-09-16 09:49:38,328 - trainer - INFO -     val_loss_2     : 7.544452033700033
2019-09-16 09:49:38,329 - trainer - INFO -     val_err_1      : 0.46768540143966675
2019-09-16 09:49:38,329 - trainer - INFO -     val_err_2      : 0.4785866439342499
2019-09-16 09:49:38,329 - trainer - INFO -     val_err        : 0.46768540143966675
2019-09-16 09:50:11,754 - trainer - INFO -     epoch          : 14
2019-09-16 09:50:11,755 - trainer - INFO -     loss1          : 10.301824598907722
2019-09-16 09:50:11,756 - trainer - INFO -     loss2          : 10.669038243138374
2019-09-16 09:50:11,756 - trainer - INFO -     err1           : 0.4831486940383911
2019-09-16 09:50:11,757 - trainer - INFO -     err2           : 0.48916900157928467
2019-09-16 09:50:11,757 - trainer - INFO -     err            : 0.4831486940383911
2019-09-16 09:50:11,758 - trainer - INFO -     val_loss_1     : 6.3619233256094025
2019-09-16 09:50:11,758 - trainer - INFO -     val_loss_2     : 6.5150576210695945
2019-09-16 09:50:11,759 - trainer - INFO -     val_err_1      : 0.46004050970077515
2019-09-16 09:50:11,760 - trainer - INFO -     val_err_2      : 0.46583232283592224
2019-09-16 09:50:11,760 - trainer - INFO -     val_err        : 0.46004050970077515
2019-09-16 09:50:11,761 - trainer - INFO - Validation performance didn't improve for 10 epochs. Training stops.
